<?xml version="1.0" encoding="UTF-8"?>
<!-- Generated by org.testng.reporters.JUnitXMLReporter -->
<testsuite hostname="SYS0081" name="Login-test" tests="4" failures="3" timestamp="11 Jun 2014 09:46:52 GMT" time="59.532" errors="0">
  <testcase name="checkSub" time="0.003" classname="com.diw.test.LoginTest">
    <failure type="java.lang.AssertionError" message="expected [4] but found [0]">
      <![CDATA[java.lang.AssertionError: expected [4] but found [0]
	at com.diw.test.LoginTest.checkSub(LoginTest.java:48)
... Removed 32 stack frames]]>
    </failure>
  </testcase> <!-- checkSub -->
  <testcase name="checkUserLogin" time="41.194" classname="com.diw.test.LoginTest">
    <failure type="java.lang.AssertionError" message="expected [true] but found [false]">
      <![CDATA[java.lang.AssertionError: expected [true] but found [false]
	at com.diw.test.LoginTest.checkUserLogin(LoginTest.java:33)
... Removed 31 stack frames]]>
    </failure>
  </testcase> <!-- checkUserLogin -->
  <testcase name="checkUserLogout" time="5.522" classname="com.diw.test.LoginTest">
    <failure type="org.openqa.selenium.NoSuchElementException" message="no such element
  (Session info: chrome=35.0.1916.114)
  (Driver info: chromedriver=2.9.248315,platform=Windows NT 6.1 SP1 x86_64) (WARNING: The server did not provide any stacktrace information)
Command duration or timeout: 5.05 seconds
For documentation on this error, please visit: http://seleniumhq.org/exceptions/no_such_element.html
Build info: version: &amp;apos;2.42.2&amp;apos;, revision: &amp;apos;6a6995d31c7c56c340d6f45a76976d43506cd6cc&amp;apos;, time: &amp;apos;2014-06-03 10:52:47&amp;apos;
System info: host: &amp;apos;SYS0081&amp;apos;, ip: &amp;apos;192.168.0.79&amp;apos;, os.name: &amp;apos;Windows 7&amp;apos;, os.arch: &amp;apos;amd64&amp;apos;, os.version: &amp;apos;6.1&amp;apos;, java.version: &amp;apos;1.7.0_40&amp;apos;
Session ID: 488cb08df6b48ed1fe8116a3f6328671
Driver info: org.openqa.selenium.chrome.ChromeDriver
Capabilities [{platform=XP, acceptSslCerts=true, javascriptEnabled=true, browserName=chrome, chrome={userDataDir=C:\Users\Admin\AppData\Local\Temp\scoped_dir5976_29565}, rotatable=false, locationContextEnabled=true, version=35.0.1916.114, takesHeapSnapshot=true, cssSelectorsEnabled=true, databaseEnabled=false, handlesAlerts=true, browserConnectionEnabled=false, nativeEvents=true, webStorageEnabled=true, applicationCacheEnabled=false, takesScreenshot=true}]">
      <![CDATA[org.openqa.selenium.NoSuchElementException: no such element
  (Session info: chrome=35.0.1916.114)
  (Driver info: chromedriver=2.9.248315,platform=Windows NT 6.1 SP1 x86_64) (WARNING: The server did not provide any stacktrace information)
Command duration or timeout: 5.05 seconds
For documentation on this error, please visit: http://seleniumhq.org/exceptions/no_such_element.html
Build info: version: '2.42.2', revision: '6a6995d31c7c56c340d6f45a76976d43506cd6cc', time: '2014-06-03 10:52:47'
System info: host: 'SYS0081', ip: '192.168.0.79', os.name: 'Windows 7', os.arch: 'amd64', os.version: '6.1', java.version: '1.7.0_40'
Session ID: 488cb08df6b48ed1fe8116a3f6328671
Driver info: org.openqa.selenium.chrome.ChromeDriver
Capabilities [{platform=XP, acceptSslCerts=true, javascriptEnabled=true, browserName=chrome, chrome={userDataDir=C:\Users\Admin\AppData\Local\Temp\scoped_dir5976_29565}, rotatable=false, locationContextEnabled=true, version=35.0.1916.114, takesHeapSnapshot=true, cssSelectorsEnabled=true, databaseEnabled=false, handlesAlerts=true, browserConnectionEnabled=false, nativeEvents=true, webStorageEnabled=true, applicationCacheEnabled=false, takesScreenshot=true}]
	at org.openqa.selenium.remote.ErrorHandler.createThrowable(ErrorHandler.java:204)
	at org.openqa.selenium.remote.ErrorHandler.throwIfResponseFailed(ErrorHandler.java:156)
	at org.openqa.selenium.remote.RemoteWebDriver.execute(RemoteWebDriver.java:599)
	at org.openqa.selenium.remote.RemoteWebDriver.findElement(RemoteWebDriver.java:352)
	at org.openqa.selenium.remote.RemoteWebDriver.findElementByXPath(RemoteWebDriver.java:449)
	at org.openqa.selenium.By$ByXPath.findElement(By.java:357)
	at org.openqa.selenium.remote.RemoteWebDriver.findElement(RemoteWebDriver.java:344)
	at org.openqa.selenium.support.events.EventFiringWebDriver$2.invoke(EventFiringWebDriver.java:101)
	at com.sun.proxy.$Proxy11.findElement(Unknown Source)
	at org.openqa.selenium.support.events.EventFiringWebDriver.findElement(EventFiringWebDriver.java:184)
	at com.diw.test.LoginTest.checkUserLogout(LoginTest.java:40)
... Removed 35 stack frames]]>
    </failure>
  </testcase> <!-- checkUserLogout -->
  <testcase name="checksum" time="0.0" classname="com.diw.test.LoginTest"/>
</testsuite> <!-- Login-test -->
