{
  "uid" : "caae7c668d34948b",
  "name" : "checkUserLogin[diwakara.kumar77@gmail.com,123456]",
  "title" : "Check user login [diwakara.kumar77@gmail.com,123456]",
  "time" : {
    "start" : 1415862646593,
    "stop" : 1415862657729,
    "duration" : 11136
  },
  "summary" : {
    "attachments" : 1,
    "steps" : 1
  },
  "failure" : {
    "message" : "AssertionError: expected [true] but found [false]",
    "stackTrace" : "java.lang.AssertionError: expected [true] but found [false]\n\tat org.testng.Assert.fail(Assert.java:94)\n\tat org.testng.Assert.failNotEquals(Assert.java:494)\n\tat org.testng.Assert.assertTrue(Assert.java:42)\n\tat org.testng.Assert.assertTrue(Assert.java:52)\n\tat com.diw.test.LoginTest.checkUserLogin(LoginTest.java:40)\n\tat sun.reflect.NativeMethodAccessorImpl.invoke0(Native Method)\n\tat sun.reflect.NativeMethodAccessorImpl.invoke(NativeMethodAccessorImpl.java:57)\n\tat sun.reflect.DelegatingMethodAccessorImpl.invoke(DelegatingMethodAccessorImpl.java:43)\n\tat java.lang.reflect.Method.invoke(Method.java:606)\n\tat org.testng.internal.MethodInvocationHelper.invokeMethod(MethodInvocationHelper.java:84)\n\tat org.testng.internal.Invoker.invokeMethod(Invoker.java:714)\n\tat org.testng.internal.Invoker.invokeTestMethod(Invoker.java:901)\n\tat org.testng.internal.Invoker.invokeTestMethods(Invoker.java:1231)\n\tat org.testng.internal.TestMethodWorker.invokeTestMethods(TestMethodWorker.java:127)\n\tat org.testng.internal.TestMethodWorker.run(TestMethodWorker.java:111)\n\tat org.testng.TestRunner.privateRun(TestRunner.java:767)\n\tat org.testng.TestRunner.run(TestRunner.java:617)\n\tat org.testng.SuiteRunner.runTest(SuiteRunner.java:348)\n\tat org.testng.SuiteRunner.runSequentially(SuiteRunner.java:343)\n\tat org.testng.SuiteRunner.privateRun(SuiteRunner.java:305)\n\tat org.testng.SuiteRunner.run(SuiteRunner.java:254)\n\tat org.testng.SuiteRunnerWorker.runSuite(SuiteRunnerWorker.java:52)\n\tat org.testng.SuiteRunnerWorker.run(SuiteRunnerWorker.java:86)\n\tat org.testng.TestNG.runSuitesSequentially(TestNG.java:1224)\n\tat org.testng.TestNG.runSuitesLocally(TestNG.java:1149)\n\tat org.testng.TestNG.run(TestNG.java:1057)\n\tat org.apache.maven.surefire.testng.TestNGExecutor.run(TestNGExecutor.java:293)\n\tat org.apache.maven.surefire.testng.TestNGXmlTestSuite.execute(TestNGXmlTestSuite.java:84)\n\tat org.apache.maven.surefire.testng.TestNGProvider.invoke(TestNGProvider.java:91)\n\tat org.apache.maven.surefire.booter.ForkedBooter.invokeProviderInSameClassLoader(ForkedBooter.java:200)\n\tat org.apache.maven.surefire.booter.ForkedBooter.runSuitesInProcess(ForkedBooter.java:153)\n\tat org.apache.maven.surefire.booter.ForkedBooter.main(ForkedBooter.java:103)\n"
  },
  "description" : null,
  "severity" : "NORMAL",
  "status" : "FAILED",
  "steps" : [ {
    "name" : "checkUserLogin",
    "title" : "Enter user name,pwd and click on sigin btn & verify the signin ",
    "time" : {
      "start" : 1415862646625,
      "stop" : 1415862657232,
      "duration" : 10607
    },
    "summary" : {
      "attachments" : 0,
      "steps" : 0
    },
    "status" : "FAILED",
    "attachments" : [ ],
    "steps" : [ ]
  } ],
  "attachments" : [ {
    "title" : "Screen_Shot",
    "source" : "f713a5c445d830712188b2494b182f58d64a7e8cc9c3813d6ed312c6453b5d29-attachment.png",
    "type" : "image/png",
    "size" : 155679,
    "uid" : "5cf2f15f13854eb7"
  } ],
  "labels" : [ {
    "name" : "feature",
    "value" : "Without feature"
  }, {
    "name" : "story",
    "value" : "Without story"
  } ],
  "parameters" : [ ]
}