<?xml version="1.0" encoding="UTF-8"?>
<testng-results skipped="0" failed="1" total="3" passed="2">
  <reporter-output>
  </reporter-output>
  <suite name="Smoke-Test-Suite" duration-ms="82824" started-at="2014-09-15T08:48:34Z" finished-at="2014-09-15T08:49:57Z">
    <groups>
    </groups>
    <test name="Login-test" duration-ms="82824" started-at="2014-09-15T08:48:34Z" finished-at="2014-09-15T08:49:57Z">
      <class name="com.diw.test.LoginTest">
        <test-method status="PASS" signature="setupChromeAndIEDriverProps(java.lang.String, java.lang.String)[pri:0, instance:com.diw.test.LoginTest@6c9da412]" name="setupChromeAndIEDriverProps" is-config="true" duration-ms="7" started-at="2014-09-15T14:18:34Z" finished-at="2014-09-15T14:18:34Z">
          <params>
            <param index="0">
              <value>
                <![CDATA[Drivers\chromedriver.exe]]>
              </value>
            </param>
            <param index="1">
              <value>
                <![CDATA[Drivers\IEDriverServer.exe]]>
              </value>
            </param>
          </params>
          <reporter-output>
          </reporter-output>
        </test-method> <!-- setupChromeAndIEDriverProps -->
        <test-method status="PASS" signature="setup(java.lang.String, java.lang.String)[pri:0, instance:com.diw.test.LoginTest@6c9da412]" name="setup" is-config="true" duration-ms="3280" started-at="2014-09-15T14:18:34Z" finished-at="2014-09-15T14:18:37Z">
          <params>
            <param index="0">
              <value>
                <![CDATA[org.openqa.selenium.chrome.ChromeDriver]]>
              </value>
            </param>
            <param index="1">
              <value>
                <![CDATA[com.diw.main.DriverManager]]>
              </value>
            </param>
          </params>
          <reporter-output>
          </reporter-output>
        </test-method> <!-- setup -->
        <test-method status="PASS" signature="store(org.testng.ITestContext)[pri:0, instance:com.diw.test.LoginTest@6c9da412]" name="store" is-config="true" duration-ms="0" started-at="2014-09-15T14:18:37Z" finished-at="2014-09-15T14:18:37Z">
          <params>
            <param index="0">
              <value>
                <![CDATA[org.testng.TestRunner@240103e0]]>
              </value>
            </param>
          </params>
          <reporter-output>
          </reporter-output>
        </test-method> <!-- store -->
        <test-method status="PASS" signature="setDriver()[pri:0, instance:com.diw.test.LoginTest@6c9da412]" name="setDriver" is-config="true" duration-ms="5790" started-at="2014-09-15T14:18:37Z" finished-at="2014-09-15T14:18:43Z">
          <reporter-output>
          </reporter-output>
        </test-method> <!-- setDriver -->
        <test-method status="PASS" signature="checkUserLogin(java.lang.String, java.lang.String)[pri:0, instance:com.diw.test.LoginTest@6c9da412]" name="checkUserLogin" duration-ms="9755" started-at="2014-09-15T14:18:43Z" finished-at="2014-09-15T14:18:53Z">
          <params>
            <param index="0">
              <value>
                <![CDATA[diwakara.kumar77@gmail.com]]>
              </value>
            </param>
            <param index="1">
              <value>
                <![CDATA[123456]]>
              </value>
            </param>
          </params>
          <reporter-output>
          </reporter-output>
        </test-method> <!-- checkUserLogin -->
        <test-method status="PASS" signature="checkUserLogout()[pri:0, instance:com.diw.test.LoginTest@6c9da412]" name="checkUserLogout" duration-ms="2965" started-at="2014-09-15T14:18:53Z" finished-at="2014-09-15T14:18:56Z">
          <reporter-output>
          </reporter-output>
        </test-method> <!-- checkUserLogout -->
        <test-method status="PASS" signature="tear()[pri:0, instance:com.diw.test.LoginTest@6c9da412]" name="tear" is-config="true" duration-ms="1253" started-at="2014-09-15T14:19:57Z" finished-at="2014-09-15T14:19:59Z">
          <reporter-output>
          </reporter-output>
        </test-method> <!-- tear -->
      </class> <!-- com.diw.test.LoginTest -->
      <class name="com.diw.test.RegistrationTest">
        <test-method status="PASS" signature="setup(java.lang.String, java.lang.String)[pri:0, instance:com.diw.test.RegistrationTest@5623b026]" name="setup" is-config="true" duration-ms="1" started-at="2014-09-15T14:18:56Z" finished-at="2014-09-15T14:18:56Z">
          <params>
            <param index="0">
              <value>
                <![CDATA[org.openqa.selenium.chrome.ChromeDriver]]>
              </value>
            </param>
            <param index="1">
              <value>
                <![CDATA[com.diw.main.DriverManager]]>
              </value>
            </param>
          </params>
          <reporter-output>
          </reporter-output>
        </test-method> <!-- setup -->
        <test-method status="PASS" signature="store(org.testng.ITestContext)[pri:0, instance:com.diw.test.RegistrationTest@5623b026]" name="store" is-config="true" duration-ms="0" started-at="2014-09-15T14:18:56Z" finished-at="2014-09-15T14:18:56Z">
          <params>
            <param index="0">
              <value>
                <![CDATA[org.testng.TestRunner@240103e0]]>
              </value>
            </param>
          </params>
          <reporter-output>
          </reporter-output>
        </test-method> <!-- store -->
        <test-method status="PASS" signature="setDriver()[pri:0, instance:com.diw.test.RegistrationTest@5623b026]" name="setDriver" is-config="true" duration-ms="0" started-at="2014-09-15T14:18:56Z" finished-at="2014-09-15T14:18:56Z">
          <reporter-output>
          </reporter-output>
        </test-method> <!-- setDriver -->
        <test-method status="FAIL" signature="checkRegistration()[pri:0, instance:com.diw.test.RegistrationTest@5623b026]" name="checkRegistration" duration-ms="60932" started-at="2014-09-15T14:18:56Z" finished-at="2014-09-15T14:19:57Z">
          <exception class="java.lang.AssertionError">
            <message>
              <![CDATA[Time out exception is occurred]]>
            </message>
            <full-stacktrace>
              <![CDATA[java.lang.AssertionError: Time out exception is occurred
	at com.diw.action.UserActions.getWebElement(UserActions.java:55)
	at com.diw.action.UserActions.getText(UserActions.java:106)
	at com.diw.test.RegistrationTest.checkRegistration(RegistrationTest.java:35)
	at sun.reflect.NativeMethodAccessorImpl.invoke0(Native Method)
	at sun.reflect.NativeMethodAccessorImpl.invoke(NativeMethodAccessorImpl.java:57)
	at sun.reflect.DelegatingMethodAccessorImpl.invoke(DelegatingMethodAccessorImpl.java:43)
	at java.lang.reflect.Method.invoke(Method.java:606)
	at org.testng.internal.MethodInvocationHelper.invokeMethod(MethodInvocationHelper.java:84)
	at org.testng.internal.Invoker.invokeMethod(Invoker.java:714)
	at org.testng.internal.Invoker.invokeTestMethod(Invoker.java:901)
	at org.testng.internal.Invoker.invokeTestMethods(Invoker.java:1231)
	at org.testng.internal.TestMethodWorker.invokeTestMethods(TestMethodWorker.java:127)
	at org.testng.internal.TestMethodWorker.run(TestMethodWorker.java:111)
	at org.testng.TestRunner.privateRun(TestRunner.java:767)
	at org.testng.TestRunner.run(TestRunner.java:617)
	at org.testng.SuiteRunner.runTest(SuiteRunner.java:334)
	at org.testng.SuiteRunner.runSequentially(SuiteRunner.java:329)
	at org.testng.SuiteRunner.privateRun(SuiteRunner.java:291)
	at org.testng.SuiteRunner.run(SuiteRunner.java:240)
	at org.testng.SuiteRunnerWorker.runSuite(SuiteRunnerWorker.java:52)
	at org.testng.SuiteRunnerWorker.run(SuiteRunnerWorker.java:86)
	at org.testng.TestNG.runSuitesSequentially(TestNG.java:1224)
	at org.testng.TestNG.runSuitesLocally(TestNG.java:1149)
	at org.testng.TestNG.run(TestNG.java:1057)
	at org.testng.remote.RemoteTestNG.run(RemoteTestNG.java:111)
	at org.testng.remote.RemoteTestNG.initAndRun(RemoteTestNG.java:204)
	at org.testng.remote.RemoteTestNG.main(RemoteTestNG.java:175)
]]>
            </full-stacktrace>
          </exception> <!-- java.lang.AssertionError -->
          <reporter-output>
          </reporter-output>
        </test-method> <!-- checkRegistration -->
      </class> <!-- com.diw.test.RegistrationTest -->
    </test> <!-- Login-test -->
  </suite> <!-- Smoke-Test-Suite -->
</testng-results>
